  Source.cpp
D:\Users\HP\source\repos\Project1\Project1\Source.cpp(188,103): warning C4244: 'argument': conversion from 'int' to 'float', possible loss of data
D:\Users\HP\source\repos\Project1\Project1\Source.cpp(188,92): warning C4244: 'argument': conversion from 'int' to 'float', possible loss of data
D:\Users\HP\source\repos\Project1\Project1\Source.cpp(188,81): warning C4244: 'argument': conversion from 'int' to 'float', possible loss of data
D:\Users\HP\source\repos\Project1\Project1\Source.cpp(188,19): warning C4244: 'argument': conversion from 'int' to 'float', possible loss of data
D:\Users\HP\source\repos\Project1\Project1\Source.cpp(192,110): warning C4244: 'argument': conversion from 'int' to 'float', possible loss of data
D:\Users\HP\source\repos\Project1\Project1\Source.cpp(192,99): warning C4244: 'argument': conversion from 'int' to 'float', possible loss of data
D:\Users\HP\source\repos\Project1\Project1\Source.cpp(192,88): warning C4244: 'argument': conversion from 'int' to 'float', possible loss of data
D:\Users\HP\source\repos\Project1\Project1\Source.cpp(192,26): warning C4244: 'argument': conversion from 'int' to 'float', possible loss of data
D:\Users\HP\source\repos\Project1\Project1\Source.cpp(196,110): warning C4244: 'argument': conversion from 'int' to 'float', possible loss of data
D:\Users\HP\source\repos\Project1\Project1\Source.cpp(196,99): warning C4244: 'argument': conversion from 'int' to 'float', possible loss of data
D:\Users\HP\source\repos\Project1\Project1\Source.cpp(196,88): warning C4244: 'argument': conversion from 'int' to 'float', possible loss of data
D:\Users\HP\source\repos\Project1\Project1\Source.cpp(196,26): warning C4244: 'argument': conversion from 'int' to 'float', possible loss of data
D:\Users\HP\source\repos\Project1\Project1\Source.cpp(200,110): warning C4244: 'argument': conversion from 'int' to 'float', possible loss of data
D:\Users\HP\source\repos\Project1\Project1\Source.cpp(200,99): warning C4244: 'argument': conversion from 'int' to 'float', possible loss of data
D:\Users\HP\source\repos\Project1\Project1\Source.cpp(200,88): warning C4244: 'argument': conversion from 'int' to 'float', possible loss of data
D:\Users\HP\source\repos\Project1\Project1\Source.cpp(200,26): warning C4244: 'argument': conversion from 'int' to 'float', possible loss of data
D:\Users\HP\source\repos\Project1\Project1\Source.cpp(222,56): warning C4244: '=': conversion from 'float' to 'int', possible loss of data
D:\Users\HP\source\repos\Project1\Project1\Source.cpp(314,56): warning C4244: '=': conversion from 'float' to 'int', possible loss of data
D:\Users\HP\source\repos\Project1\Project1\Source.cpp(391,56): warning C4244: '=': conversion from 'float' to 'int', possible loss of data
D:\Users\HP\source\repos\Project1\Project1\Source.cpp(468,56): warning C4244: '=': conversion from 'float' to 'int', possible loss of data
D:\Users\HP\source\repos\Project1\Project1\Source.cpp(751,17): warning C4101: 'f': unreferenced local variable
  Project1.vcxproj -> D:\Users\HP\source\repos\Project1\x64\Debug\Project1.exe
